<?xml version="1.0" encoding="UTF-8"?>
<!-- Generated by org.testng.reporters.JUnitReportReporter -->
<testsuite hostname="DESKTOP-22E1N0M" failures="0" tests="1" name="com.harman.test.LoginUserInterfaceTest" time="7.669" errors="0" timestamp="2022-04-20T20:41:20 IST" skipped="0">
  <testcase classname="com.harman.test.LoginUserInterfaceTest" name="validateTitleTest" time="7.669"/>
  <system-out>
    <![CDATA[validateTitleTest done- OrangeHRM]]>
  </system-out>
</testsuite> <!-- com.harman.test.LoginUserInterfaceTest -->
